<?xml version="1.0" encoding="UTF-8"?>
<!-- Generated by org.testng.reporters.JUnitReportReporter -->
<testsuite hostname="Betuls-Laptop" failures="0" tests="4" name="com.neotech.review01.DataDrivenTest" time="0.020" errors="0" timestamp="2024-09-07T19:10:03 MDT" skipped="0">
  <testcase classname="com.neotech.review01.DataDrivenTest" name="loginTest" time="0.001"/>
  <system-out/>
  <testcase classname="com.neotech.review01.DataDrivenTest" name="loginTest" time="0.008"/>
  <system-out/>
  <testcase classname="com.neotech.review01.DataDrivenTest" name="loginTest" time="0.002"/>
  <system-out/>
  <testcase classname="com.neotech.review01.DataDrivenTest" name="loginTest" time="0.009"/>
  <system-out/>
</testsuite> <!-- com.neotech.review01.DataDrivenTest -->
