<?xml version="1.0" encoding="UTF-8"?>
<!-- Generated by org.testng.reporters.JUnitReportReporter -->
<testsuite hostname="Betuls-Laptop" failures="0" tests="1" name="com.neotech.lesson01.TestNGDemo" time="0.010" errors="0" timestamp="2024-08-31T12:20:02 MDT" skipped="0">
  <testcase classname="com.neotech.lesson01.TestNGDemo" name="test3" time="0.010"/>
  <system-out/>
</testsuite> <!-- com.neotech.lesson01.TestNGDemo -->
