<?xml version="1.0" encoding="UTF-8"?>
<!-- Generated by org.testng.reporters.JUnitReportReporter -->
<testsuite hostname="Betuls-Laptop" failures="0" tests="3" name="com.neotech.lesson01.TitleAndLogoValidation" time="13.680" errors="0" timestamp="2024-09-01T10:06:21 MDT" skipped="0">
  <testcase classname="com.neotech.lesson01.TitleAndLogoValidation" name="titleValidation" time="4.095"/>
  <system-out/>
  <testcase classname="com.neotech.lesson01.TitleAndLogoValidation" name="loginValidation" time="6.324"/>
  <system-out/>
  <testcase classname="com.neotech.lesson01.TitleAndLogoValidation" name="logoValidation" time="3.261"/>
  <system-out/>
</testsuite> <!-- com.neotech.lesson01.TitleAndLogoValidation -->
