<?xml version="1.0" encoding="UTF-8"?>
<!-- Generated by org.testng.reporters.JUnitReportReporter -->
<testsuite hostname="Betuls-Laptop" failures="0" tests="1" name="com.neotech.review01.GroupsDemo" time="0.003" errors="0" timestamp="2024-09-07T17:34:35 MDT" skipped="0">
  <testcase classname="com.neotech.review01.GroupsDemo" name="smokeTest" time="0.003"/>
  <system-out/>
</testsuite> <!-- com.neotech.review01.GroupsDemo -->
