<?xml version="1.0" encoding="UTF-8"?>
<!-- Generated by org.testng.reporters.JUnitReportReporter -->
<testsuite hostname="Betuls-Laptop" failures="0" tests="2" name="com.neotech.review01.TestParameters" time="0.001" errors="0" timestamp="2024-09-07T17:43:21 MDT" skipped="1">
  <testcase classname="com.neotech.review01.TestParameters" name="MethodA" time="0.001"/>
  <system-out/>
  <testcase classname="com.neotech.review01.TestParameters" name="MethodB">
    <skipped/>
  </testcase> <!-- MethodB -->
  <system-out/>
</testsuite> <!-- com.neotech.review01.TestParameters -->
