<?xml version="1.0" encoding="UTF-8"?>
<!-- Generated by org.testng.reporters.JUnitReportReporter -->
<testsuite hostname="Betuls-Laptop" failures="0" tests="2" name="com.neotech.review01.DemoAnnotations" time="0.018" errors="0" timestamp="2024-09-07T17:43:21 MDT" skipped="0">
  <testcase classname="com.neotech.review01.DemoAnnotations" name="test2" time="0.003"/>
  <system-out/>
  <testcase classname="com.neotech.review01.DemoAnnotations" name="test1" time="0.015"/>
  <system-out/>
</testsuite> <!-- com.neotech.review01.DemoAnnotations -->
