<?xml version="1.0" encoding="UTF-8"?>
<!-- Generated by org.testng.reporters.JUnitReportReporter -->
<testsuite hostname="Betuls-Laptop" failures="0" tests="3" name="com.neotech.lesson01.TestNGAnnotations" time="0.018" errors="0" timestamp="2024-08-31T19:38:55 MDT" skipped="0">
  <testcase classname="com.neotech.lesson01.TestNGAnnotations" name="test2" time="0.001"/>
  <system-out/>
  <testcase classname="com.neotech.lesson01.TestNGAnnotations" name="test3" time="0.008"/>
  <system-out/>
  <testcase classname="com.neotech.lesson01.TestNGAnnotations" name="test1" time="0.009"/>
  <system-out/>
</testsuite> <!-- com.neotech.lesson01.TestNGAnnotations -->
