<?xml version="1.0" encoding="UTF-8"?>
<!-- Generated by org.testng.reporters.JUnitReportReporter -->
<testsuite hostname="Betuls-Laptop" failures="0" tests="1" name="Homeworks.HW_1" time="6.286" errors="0" timestamp="2024-09-01T09:36:00 MDT" skipped="0">
  <testcase classname="Homeworks.HW_1" name="negativeLoginTest" time="6.286"/>
  <system-out/>
</testsuite> <!-- Homeworks.HW_1 -->
