<?xml version="1.0" encoding="UTF-8"?>
<!-- Generated by org.testng.reporters.JUnitReportReporter -->
<testsuite hostname="Betuls-Laptop" failures="0" tests="1" name="com.neotech.lesson02.SoftAssertDemo" time="8.134" errors="0" timestamp="2024-09-01T16:16:55 MDT" skipped="0">
  <testcase classname="com.neotech.lesson02.SoftAssertDemo" name="logoAndLoginValidation" time="8.134"/>
  <system-out/>
</testsuite> <!-- com.neotech.lesson02.SoftAssertDemo -->
