<?xml version="1.0" encoding="UTF-8"?>
<!-- Generated by org.testng.reporters.JUnitReportReporter -->
<testsuite hostname="Betuls-Laptop" failures="0" tests="1" name="Homework_2.HW_2" time="38.641" errors="0" timestamp="2024-09-02T14:39:38 MDT" skipped="0">
  <testcase classname="Homework_2.HW_2" name="verifyAddEmployee" time="38.641"/>
  <system-out/>
</testsuite> <!-- Homework_2.HW_2 -->
