<?xml version="1.0" encoding="UTF-8"?>
<!-- Generated by org.testng.reporters.JUnitReportReporter -->
<testsuite hostname="Betuls-Laptop" failures="0" tests="4" name="com.neotech.lesson02.PriorityDemo" time="0.004" errors="0" timestamp="2024-09-01T16:52:51 MDT" skipped="0">
  <testcase classname="com.neotech.lesson02.PriorityDemo" name="thirdTest" time="0.001"/>
  <system-out/>
  <testcase classname="com.neotech.lesson02.PriorityDemo" name="firstTest" time="0.001"/>
  <system-out/>
  <testcase classname="com.neotech.lesson02.PriorityDemo" name="secondTest" time="0.001"/>
  <system-out/>
  <testcase classname="com.neotech.lesson02.PriorityDemo" name="fourthTest" time="0.001"/>
  <system-out/>
</testsuite> <!-- com.neotech.lesson02.PriorityDemo -->
