<?xml version="1.0" encoding="UTF-8"?>
<!-- Generated by org.testng.reporters.JUnitReportReporter -->
<testsuite hostname="Betuls-Laptop" failures="0" tests="2" name="com.neotech.lesson03.GroupsDemo" time="0.010" errors="0" timestamp="2024-09-04T12:04:39 MDT" skipped="0">
  <testcase classname="com.neotech.lesson03.GroupsDemo" name="Test2" time="0.001"/>
  <system-out/>
  <testcase classname="com.neotech.lesson03.GroupsDemo" name="Test1" time="0.009"/>
  <system-out/>
</testsuite> <!-- com.neotech.lesson03.GroupsDemo -->
