<?xml version="1.0" encoding="UTF-8"?>
<!-- Generated by org.testng.reporters.JUnitReportReporter -->
<testsuite hostname="Betuls-Laptop" failures="0" tests="5" name="Homework_2.TaskOne_HW1" time="0.020" errors="0" timestamp="2024-09-03T17:20:51 MDT" skipped="1">
  <testcase classname="Homework_2.TaskOne_HW1" name="secondMethod" time="0.001"/>
  <system-out/>
  <testcase classname="Homework_2.TaskOne_HW1" name="firstMethod" time="0.002"/>
  <system-out/>
  <testcase classname="Homework_2.TaskOne_HW1" name="fourthMethod" time="0.014"/>
  <system-out/>
  <testcase classname="Homework_2.TaskOne_HW1" name="thirdMethod" time="0.003"/>
  <system-out/>
  <testcase classname="Homework_2.TaskOne_HW1" name="firstMethod1">
    <skipped/>
  </testcase> <!-- firstMethod1 -->
  <system-out/>
</testsuite> <!-- Homework_2.TaskOne_HW1 -->
